<?xml version="1.0" encoding="UTF-8"?>
<!-- Generated by org.testng.reporters.JUnitReportReporter -->
<testsuite hostname="DESKTOP-OM2QHAP" name="com.visionit.orangehrm.testCases.AddUserTC_002" tests="2" failures="0" timestamp="28 Nov 2020 04:58:26 GMT" time="121.056" errors="0">
  <testcase name="addNewUserTest" time="72.717" classname="com.visionit.orangehrm.testCases.AddUserTC_002"/>
  <testcase name="addNewUserTest" time="48.339" classname="com.visionit.orangehrm.testCases.AddUserTC_002"/>
</testsuite> <!-- com.visionit.orangehrm.testCases.AddUserTC_002 -->
